This is pdfTeX, Version 3.14159265-2.6-1.40.20 (TeX Live 2019/W32TeX) (preloaded format=pdflatex 2020.1.28)  16 AUG 2021 19:55
entering extended mode
 restricted \write18 enabled.
 %&-line parsing enabled.
**manuscript.tex
(./manuscript.tex
LaTeX2e <2019-10-01> patch level 3
(c:/texlive/2019/texmf-dist/tex/latex/base/article.cls
Document Class: article 2019/12/20 v1.4l Standard LaTeX document class
(c:/texlive/2019/texmf-dist/tex/latex/base/size11.clo
File: size11.clo 2019/12/20 v1.4l Standard LaTeX file (size option)
)
\c@part=\count80
\c@section=\count81
\c@subsection=\count82
\c@subsubsection=\count83
\c@paragraph=\count84
\c@subparagraph=\count85
\c@figure=\count86
\c@table=\count87
\abovecaptionskip=\skip41
\belowcaptionskip=\skip42
\bibindent=\dimen102
) (c:/texlive/2019/texmf-dist/tex/latex/amsmath/amsmath.sty
Package: amsmath 2020/01/20 v2.17e AMS math features
\@mathmargin=\skip43
For additional information on amsmath, use the `?' option.
(c:/texlive/2019/texmf-dist/tex/latex/amsmath/amstext.sty
Package: amstext 2000/06/29 v2.01 AMS text
(c:/texlive/2019/texmf-dist/tex/latex/amsmath/amsgen.sty
File: amsgen.sty 1999/11/30 v2.0 generic functions
\@emptytoks=\toks14
\ex@=\dimen103
)) (c:/texlive/2019/texmf-dist/tex/latex/amsmath/amsbsy.sty
Package: amsbsy 1999/11/29 v1.2d Bold Symbols
\pmbraise@=\dimen104
) (c:/texlive/2019/texmf-dist/tex/latex/amsmath/amsopn.sty
Package: amsopn 2016/03/08 v2.02 operator names
)
\inf@bad=\count88
LaTeX Info: Redefining \frac on input line 227.
\uproot@=\count89
\leftroot@=\count90
LaTeX Info: Redefining \overline on input line 389.
\classnum@=\count91
\DOTSCASE@=\count92
LaTeX Info: Redefining \ldots on input line 486.
LaTeX Info: Redefining \dots on input line 489.
LaTeX Info: Redefining \cdots on input line 610.
\Mathstrutbox@=\box27
\strutbox@=\box28
\big@size=\dimen105
LaTeX Font Info:    Redeclaring font encoding OML on input line 733.
LaTeX Font Info:    Redeclaring font encoding OMS on input line 734.
\macc@depth=\count93
\c@MaxMatrixCols=\count94
\dotsspace@=\muskip10
\c@parentequation=\count95
\dspbrk@lvl=\count96
\tag@help=\toks15
\row@=\count97
\column@=\count98
\maxfields@=\count99
\andhelp@=\toks16
\eqnshift@=\dimen106
\alignsep@=\dimen107
\tagshift@=\dimen108
\tagwidth@=\dimen109
\totwidth@=\dimen110
\lineht@=\dimen111
\@envbody=\toks17
\multlinegap=\skip44
\multlinetaggap=\skip45
\mathdisplay@stack=\toks18
LaTeX Info: Redefining \[ on input line 2859.
LaTeX Info: Redefining \] on input line 2860.
) (c:/texlive/2019/texmf-dist/tex/latex/amsfonts/amssymb.sty
Package: amssymb 2013/01/14 v3.01 AMS font symbols
(c:/texlive/2019/texmf-dist/tex/latex/amsfonts/amsfonts.sty
Package: amsfonts 2013/01/14 v3.01 Basic AMSFonts support
\symAMSa=\mathgroup4
\symAMSb=\mathgroup5
LaTeX Font Info:    Redeclaring math symbol \hbar on input line 98.
LaTeX Font Info:    Overwriting math alphabet `\mathfrak' in version `bold'
(Font)                  U/euf/m/n --> U/euf/b/n on input line 106.
)) (c:/texlive/2019/texmf-dist/tex/latex/lm/lmodern.sty
Package: lmodern 2009/10/30 v1.6 Latin Modern Fonts
LaTeX Font Info:    Overwriting symbol font `operators' in version `normal'
(Font)                  OT1/cmr/m/n --> OT1/lmr/m/n on input line 22.
LaTeX Font Info:    Overwriting symbol font `letters' in version `normal'
(Font)                  OML/cmm/m/it --> OML/lmm/m/it on input line 23.
LaTeX Font Info:    Overwriting symbol font `symbols' in version `normal'
(Font)                  OMS/cmsy/m/n --> OMS/lmsy/m/n on input line 24.
LaTeX Font Info:    Overwriting symbol font `largesymbols' in version `normal'
(Font)                  OMX/cmex/m/n --> OMX/lmex/m/n on input line 25.
LaTeX Font Info:    Overwriting symbol font `operators' in version `bold'
(Font)                  OT1/cmr/bx/n --> OT1/lmr/bx/n on input line 26.
LaTeX Font Info:    Overwriting symbol font `letters' in version `bold'
(Font)                  OML/cmm/b/it --> OML/lmm/b/it on input line 27.
LaTeX Font Info:    Overwriting symbol font `symbols' in version `bold'
(Font)                  OMS/cmsy/b/n --> OMS/lmsy/b/n on input line 28.
LaTeX Font Info:    Overwriting symbol font `largesymbols' in version `bold'
(Font)                  OMX/cmex/m/n --> OMX/lmex/m/n on input line 29.
LaTeX Font Info:    Overwriting math alphabet `\mathbf' in version `normal'
(Font)                  OT1/cmr/bx/n --> OT1/lmr/bx/n on input line 31.
LaTeX Font Info:    Overwriting math alphabet `\mathsf' in version `normal'
(Font)                  OT1/cmss/m/n --> OT1/lmss/m/n on input line 32.
LaTeX Font Info:    Overwriting math alphabet `\mathit' in version `normal'
(Font)                  OT1/cmr/m/it --> OT1/lmr/m/it on input line 33.
LaTeX Font Info:    Overwriting math alphabet `\mathtt' in version `normal'
(Font)                  OT1/cmtt/m/n --> OT1/lmtt/m/n on input line 34.
LaTeX Font Info:    Overwriting math alphabet `\mathbf' in version `bold'
(Font)                  OT1/cmr/bx/n --> OT1/lmr/bx/n on input line 35.
LaTeX Font Info:    Overwriting math alphabet `\mathsf' in version `bold'
(Font)                  OT1/cmss/bx/n --> OT1/lmss/bx/n on input line 36.
LaTeX Font Info:    Overwriting math alphabet `\mathit' in version `bold'
(Font)                  OT1/cmr/bx/it --> OT1/lmr/bx/it on input line 37.
LaTeX Font Info:    Overwriting math alphabet `\mathtt' in version `bold'
(Font)                  OT1/cmtt/m/n --> OT1/lmtt/m/n on input line 38.
) (c:/texlive/2019/texmf-dist/tex/latex/setspace/setspace.sty
Package: setspace 2011/12/19 v6.7a set line spacing
) (c:/texlive/2019/texmf-dist/tex/generic/iftex/ifxetex.sty
Package: ifxetex 2019/10/25 v0.7 ifxetex legacy package. Use iftex instead.
(c:/texlive/2019/texmf-dist/tex/generic/iftex/iftex.sty
Package: iftex 2019/11/07 v1.0c TeX engine tests
)) (c:/texlive/2019/texmf-dist/tex/generic/iftex/ifluatex.sty
Package: ifluatex 2019/10/25 v1.5 ifluatex legacy package. Use iftex instead.
) (c:/texlive/2019/texmf-dist/tex/latex/base/fontenc.sty
Package: fontenc 2020/01/25 v2.0m Standard LaTeX package
(c:/texlive/2019/texmf-dist/tex/latex/base/t1enc.def
File: t1enc.def 2020/01/25 v2.0m Standard LaTeX file
LaTeX Font Info:    Redeclaring font encoding T1 on input line 48.
)
LaTeX Font Info:    Trying to load font information for T1+lmr on input line 11
2.
(c:/texlive/2019/texmf-dist/tex/latex/lm/t1lmr.fd
File: t1lmr.fd 2009/10/30 v1.6 Font defs for Latin Modern
)) (c:/texlive/2019/texmf-dist/tex/latex/base/inputenc.sty
Package: inputenc 2018/08/11 v1.3c Input encoding file
\inpenc@prehook=\toks19
\inpenc@posthook=\toks20
) (c:/texlive/2019/texmf-dist/tex/latex/base/textcomp.sty
Package: textcomp 2020/02/02 v2.0m Standard LaTeX package
) (c:/texlive/2019/texmf-dist/tex/latex/upquote/upquote.sty
Package: upquote 2012/04/19 v1.3 upright-quote and grave-accent glyphs in verba
tim
) (c:/texlive/2019/texmf-dist/tex/latex/microtype/microtype.sty
Package: microtype 2019/11/18 v2.7d Micro-typographical refinements (RS)
(c:/texlive/2019/texmf-dist/tex/latex/graphics/keyval.sty
Package: keyval 2014/10/28 v1.15 key=value parser (DPC)
\KV@toks@=\toks21
)
\MT@toks=\toks22
\MT@count=\count100
LaTeX Info: Redefining \textls on input line 790.
\MT@outer@kern=\dimen112
LaTeX Info: Redefining \textmicrotypecontext on input line 1354.
\MT@listname@count=\count101
(c:/texlive/2019/texmf-dist/tex/latex/microtype/microtype-pdftex.def
File: microtype-pdftex.def 2019/11/18 v2.7d Definitions specific to pdftex (RS)

LaTeX Info: Redefining \lsstyle on input line 914.
LaTeX Info: Redefining \lslig on input line 914.
\MT@outer@space=\skip46
)
Package microtype Info: Loading configuration file microtype.cfg.
(c:/texlive/2019/texmf-dist/tex/latex/microtype/microtype.cfg
File: microtype.cfg 2019/11/18 v2.7d microtype main configuration file (RS)
)) (c:/texlive/2019/texmf-dist/tex/latex/parskip/parskip.sty
Package: parskip 2020-01-22 v2.0d non-zero parskip adjustments
(c:/texlive/2019/texmf-dist/tex/latex/kvoptions/kvoptions.sty
Package: kvoptions 2019/11/29 v3.13 Key value format for package options (HO)
(c:/texlive/2019/texmf-dist/tex/generic/ltxcmds/ltxcmds.sty
Package: ltxcmds 2019/12/15 v1.24 LaTeX kernel commands for general use (HO)
) (c:/texlive/2019/texmf-dist/tex/generic/kvsetkeys/kvsetkeys.sty
Package: kvsetkeys 2019/12/15 v1.18 Key value parser (HO)
)) (c:/texlive/2019/texmf-dist/tex/latex/etoolbox/etoolbox.sty
Package: etoolbox 2019/09/21 v2.5h e-TeX tools for LaTeX (JAW)
\etb@tempcnta=\count102
)) (c:/texlive/2019/texmf-dist/tex/latex/xcolor/xcolor.sty
Package: xcolor 2016/05/11 v2.12 LaTeX color extensions (UK)
(c:/texlive/2019/texmf-dist/tex/latex/graphics-cfg/color.cfg
File: color.cfg 2016/01/02 v1.6 sample color configuration
)
Package xcolor Info: Driver file: pdftex.def on input line 225.
(c:/texlive/2019/texmf-dist/tex/latex/graphics-def/pdftex.def
File: pdftex.def 2018/01/08 v1.0l Graphics/color driver for pdftex
)
Package xcolor Info: Model `cmy' substituted by `cmy0' on input line 1348.
Package xcolor Info: Model `hsb' substituted by `rgb' on input line 1352.
Package xcolor Info: Model `RGB' extended on input line 1364.
Package xcolor Info: Model `HTML' substituted by `rgb' on input line 1366.
Package xcolor Info: Model `Hsb' substituted by `hsb' on input line 1367.
Package xcolor Info: Model `tHsb' substituted by `hsb' on input line 1368.
Package xcolor Info: Model `HSB' substituted by `hsb' on input line 1369.
Package xcolor Info: Model `Gray' substituted by `gray' on input line 1370.
Package xcolor Info: Model `wave' substituted by `hsb' on input line 1371.
(c:/texlive/2019/texmf-dist/tex/latex/graphics/dvipsnam.def
File: dvipsnam.def 2016/06/17 v3.0m Driver-dependent file (DPC,SPQR)
) (c:/texlive/2019/texmf-dist/tex/latex/xcolor/svgnam.def
File: svgnam.def 2016/05/11 v2.12 Predefined colors according to SVG 1.1 (UK)
) (c:/texlive/2019/texmf-dist/tex/latex/xcolor/x11nam.def
File: x11nam.def 2016/05/11 v2.12 Predefined colors according to Unix/X11 (UK)
)) (c:/texlive/2019/texmf-dist/tex/latex/xurl/xurl.sty
Package: xurl 2020/01/24 v 0.09 modify URL breaks
(c:/texlive/2019/texmf-dist/tex/latex/url/url.sty
\Urlmuskip=\muskip11
Package: url 2013/09/16  ver 3.4  Verb mode for urls, etc.
)) (c:/texlive/2019/texmf-dist/tex/latex/bookmark/bookmark.sty
Package: bookmark 2019/12/03 v1.28 PDF bookmarks (HO)
(c:/texlive/2019/texmf-dist/tex/latex/hyperref/hyperref.sty
Package: hyperref 2020/01/14 v7.00d Hypertext links for LaTeX
(c:/texlive/2019/texmf-dist/tex/latex/pdftexcmds/pdftexcmds.sty
Package: pdftexcmds 2019/11/24 v0.31 Utility functions of pdfTeX for LuaTeX (HO
)
(c:/texlive/2019/texmf-dist/tex/generic/infwarerr/infwarerr.sty
Package: infwarerr 2019/12/03 v1.5 Providing info/warning/error messages (HO)
)
Package pdftexcmds Info: \pdf@primitive is available.
Package pdftexcmds Info: \pdf@ifprimitive is available.
Package pdftexcmds Info: \pdfdraftmode found.
) (c:/texlive/2019/texmf-dist/tex/generic/kvdefinekeys/kvdefinekeys.sty
Package: kvdefinekeys 2019-12-19 v1.6 Define keys (HO)
) (c:/texlive/2019/texmf-dist/tex/generic/pdfescape/pdfescape.sty
Package: pdfescape 2019/12/09 v1.15 Implements pdfTeX's escape features (HO)
) (c:/texlive/2019/texmf-dist/tex/latex/hycolor/hycolor.sty
Package: hycolor 2020-01-27 v1.10 Color options for hyperref/bookmark (HO)
) (c:/texlive/2019/texmf-dist/tex/latex/letltxmacro/letltxmacro.sty
Package: letltxmacro 2019/12/03 v1.6 Let assignment for LaTeX macros (HO)
) (c:/texlive/2019/texmf-dist/tex/latex/auxhook/auxhook.sty
Package: auxhook 2019-12-17 v1.6 Hooks for auxiliary files (HO)
)
\@linkdim=\dimen113
\Hy@linkcounter=\count103
\Hy@pagecounter=\count104
(c:/texlive/2019/texmf-dist/tex/latex/hyperref/pd1enc.def
File: pd1enc.def 2020/01/14 v7.00d Hyperref: PDFDocEncoding definition (HO)
Now handling font encoding PD1 ...
... no UTF-8 mapping file for font encoding PD1
) (c:/texlive/2019/texmf-dist/tex/generic/intcalc/intcalc.sty
Package: intcalc 2019/12/15 v1.3 Expandable calculations with integers (HO)
) (c:/texlive/2019/texmf-dist/tex/generic/etexcmds/etexcmds.sty
Package: etexcmds 2019/12/15 v1.7 Avoid name clashes with e-TeX commands (HO)
)
\Hy@SavedSpaceFactor=\count105
\pdfmajorversion=\count106
Package hyperref Info: Option `unicode' set `true' on input line 4421.
(c:/texlive/2019/texmf-dist/tex/latex/hyperref/puenc.def
File: puenc.def 2020/01/14 v7.00d Hyperref: PDF Unicode definition (HO)
Now handling font encoding PU ...
... no UTF-8 mapping file for font encoding PU
)
Package hyperref Info: Hyper figures OFF on input line 4547.
Package hyperref Info: Link nesting OFF on input line 4552.
Package hyperref Info: Hyper index ON on input line 4555.
Package hyperref Info: Plain pages OFF on input line 4562.
Package hyperref Info: Backreferencing OFF on input line 4567.
Package hyperref Info: Implicit mode ON; LaTeX internals redefined.
Package hyperref Info: Bookmarks ON on input line 4800.
\c@Hy@tempcnt=\count107
LaTeX Info: Redefining \url on input line 5159.
\XeTeXLinkMargin=\dimen114
(c:/texlive/2019/texmf-dist/tex/generic/bitset/bitset.sty
Package: bitset 2019/12/09 v1.3 Handle bit-vector datatype (HO)
(c:/texlive/2019/texmf-dist/tex/generic/bigintcalc/bigintcalc.sty
Package: bigintcalc 2019/12/15 v1.5 Expandable calculations on big integers (HO
)
))
\Fld@menulength=\count108
\Field@Width=\dimen115
\Fld@charsize=\dimen116
Package hyperref Info: Hyper figures OFF on input line 6430.
Package hyperref Info: Link nesting OFF on input line 6435.
Package hyperref Info: Hyper index ON on input line 6438.
Package hyperref Info: backreferencing OFF on input line 6445.
Package hyperref Info: Link coloring OFF on input line 6450.
Package hyperref Info: Link coloring with OCG OFF on input line 6455.
Package hyperref Info: PDF/A mode OFF on input line 6460.
LaTeX Info: Redefining \ref on input line 6500.
LaTeX Info: Redefining \pageref on input line 6504.
(c:/texlive/2019/texmf-dist/tex/generic/atbegshi/atbegshi.sty
Package: atbegshi 2019/12/05 v1.19 At begin shipout hook (HO)
)
\Hy@abspage=\count109
\c@Item=\count110
\c@Hfootnote=\count111
)
Package hyperref Info: Driver (autodetected): hpdftex.
(c:/texlive/2019/texmf-dist/tex/latex/hyperref/hpdftex.def
File: hpdftex.def 2020/01/14 v7.00d Hyperref driver for pdfTeX
(c:/texlive/2019/texmf-dist/tex/latex/atveryend/atveryend.sty
Package: atveryend 2019-12-11 v1.11 Hooks at the very end of document (HO)
)
\Fld@listcount=\count112
\c@bookmark@seq@number=\count113
(c:/texlive/2019/texmf-dist/tex/latex/rerunfilecheck/rerunfilecheck.sty
Package: rerunfilecheck 2019/12/05 v1.9 Rerun checks for auxiliary files (HO)
(c:/texlive/2019/texmf-dist/tex/generic/uniquecounter/uniquecounter.sty
Package: uniquecounter 2019/12/15 v1.4 Provide unlimited unique counter (HO)
)
Package uniquecounter Info: New unique counter `rerunfilecheck' on input line 2
86.
)
\Hy@SectionHShift=\skip47
) (c:/texlive/2019/texmf-dist/tex/latex/bookmark/bkm-pdftex.def
File: bkm-pdftex.def 2019/12/03 v1.28 bookmark driver for pdfTeX (HO)
\BKM@id=\count114
))
Package hyperref Info: Option `colorlinks' set `true' on input line 49.
(c:/texlive/2019/texmf-dist/tex/latex/geometry/geometry.sty
Package: geometry 2020/01/02 v5.9 Page Geometry
(c:/texlive/2019/texmf-dist/tex/generic/iftex/ifvtex.sty
Package: ifvtex 2019/10/25 v1.7 ifvtex legacy package. Use iftex instead.
)
\Gm@cnth=\count115
\Gm@cntv=\count116
\c@Gm@tempcnt=\count117
\Gm@bindingoffset=\dimen117
\Gm@wd@mp=\dimen118
\Gm@odd@mp=\dimen119
\Gm@even@mp=\dimen120
\Gm@layoutwidth=\dimen121
\Gm@layoutheight=\dimen122
\Gm@layouthoffset=\dimen123
\Gm@layoutvoffset=\dimen124
\Gm@dimlist=\toks23
) (c:/texlive/2019/texmf-dist/tex/latex/tools/longtable.sty
Package: longtable 2020/01/07 v4.13 Multi-page Table package (DPC)
\LTleft=\skip48
\LTright=\skip49
\LTpre=\skip50
\LTpost=\skip51
\LTchunksize=\count118
\LTcapwidth=\dimen125
\LT@head=\box29
\LT@firsthead=\box30
\LT@foot=\box31
\LT@lastfoot=\box32
\LT@cols=\count119
\LT@rows=\count120
\c@LT@tables=\count121
\c@LT@chunks=\count122
\LT@p@ftn=\toks24
) (c:/texlive/2019/texmf-dist/tex/latex/booktabs/booktabs.sty
Package: booktabs 2020/01/12 v1.61803398 Publication quality tables
\heavyrulewidth=\dimen126
\lightrulewidth=\dimen127
\cmidrulewidth=\dimen128
\belowrulesep=\dimen129
\belowbottomsep=\dimen130
\aboverulesep=\dimen131
\abovetopsep=\dimen132
\cmidrulesep=\dimen133
\cmidrulekern=\dimen134
\defaultaddspace=\dimen135
\@cmidla=\count123
\@cmidlb=\count124
\@aboverulesep=\dimen136
\@belowrulesep=\dimen137
\@thisruleclass=\count125
\@lastruleclass=\count126
\@thisrulewidth=\dimen138
) (c:/texlive/2019/texmf-dist/tex/latex/tools/array.sty
Package: array 2019/08/31 v2.4l Tabular extension package (FMi)
\col@sep=\dimen139
\ar@mcellbox=\box33
\extrarowheight=\dimen140
\NC@list=\toks25
\extratabsurround=\skip52
\backup@length=\skip53
\ar@cellbox=\box34
) (c:/texlive/2019/texmf-dist/tex/latex/tools/calc.sty
Package: calc 2017/05/25 v4.3 Infix arithmetic (KKT,FJ)
\calc@Acount=\count127
\calc@Bcount=\count128
\calc@Adimen=\dimen141
\calc@Bdimen=\dimen142
\calc@Askip=\skip54
\calc@Bskip=\skip55
LaTeX Info: Redefining \setlength on input line 80.
LaTeX Info: Redefining \addtolength on input line 81.
\calc@Ccount=\count129
\calc@Cskip=\skip56
) (c:/texlive/2019/texmf-dist/tex/latex/footnotehyper/footnotehyper.sty
Package: footnotehyper 2019/11/07 v1.1a hyperref aware footnote.sty (JFB)
\FNH@notes=\box35
\FNH@width=\dimen143
) (c:/texlive/2019/texmf-dist/tex/latex/graphics/graphicx.sty
Package: graphicx 2019/11/30 v1.2a Enhanced LaTeX Graphics (DPC,SPQR)
(c:/texlive/2019/texmf-dist/tex/latex/graphics/graphics.sty
Package: graphics 2019/11/30 v1.4a Standard LaTeX Graphics (DPC,SPQR)
(c:/texlive/2019/texmf-dist/tex/latex/graphics/trig.sty
Package: trig 2016/01/03 v1.10 sin cos tan (DPC)
) (c:/texlive/2019/texmf-dist/tex/latex/graphics-cfg/graphics.cfg
File: graphics.cfg 2016/06/04 v1.11 sample graphics configuration
)
Package graphics Info: Driver file: pdftex.def on input line 105.
)
\Gin@req@height=\dimen144
\Gin@req@width=\dimen145
) (c:/texlive/2019/texmf-dist/tex/latex/psnfss/utopia.sty
Package: utopia 2005/04/12 PSNFSS-v9.2a (P.Dyballa) 

Package utopia Warning: This package is to be regarded as obsolete.
(utopia)                See the PSNFSS documentation.

) (c:/texlive/2019/texmf-dist/tex/latex/lineno/lineno.sty
Package: lineno 2005/11/02 line numbers on paragraphs v4.41
\linenopenalty=\count130
\output=\toks26
\linenoprevgraf=\count131
\linenumbersep=\dimen146
\linenumberwidth=\dimen147
\c@linenumber=\count132
\c@pagewiselinenumber=\count133
\c@LN@truepage=\count134
\c@internallinenumber=\count135
\c@internallinenumbers=\count136
\quotelinenumbersep=\dimen148
\bframerule=\dimen149
\bframesep=\dimen150
\bframebox=\box36
LaTeX Info: Redefining \\ on input line 3056.
) (c:/texlive/2019/texmf-dist/tex/latex/float/float.sty
Package: float 2001/11/08 v1.3d Float enhancements (AL)
\c@float@type=\count137
\float@exts=\toks27
\float@box=\box37
\@float@everytoks=\toks28
\@floatcapt=\box38
) (c:/texlive/2019/texmf-dist/tex/latex/caption/caption.sty
Package: caption 2020/01/03 v3.4h Customizing captions (AR)
(c:/texlive/2019/texmf-dist/tex/latex/caption/caption3.sty
Package: caption3 2020/01/03 v1.8h caption3 kernel (AR)
Package caption3 Info: TeX engine: e-TeX on input line 61.
\captionmargin=\dimen151
\captionmargin@=\dimen152
\captionwidth=\dimen153
\caption@tempdima=\dimen154
\caption@indent=\dimen155
\caption@parindent=\dimen156
\caption@hangindent=\dimen157
Package caption Info: Standard document class detected.
)
\c@caption@flags=\count138
\c@continuedfloat=\count139
Package caption Info: float package is loaded.
Package caption Info: hyperref package is loaded.
Package caption Info: longtable package is loaded.
(c:/texlive/2019/texmf-dist/tex/latex/caption/ltcaption.sty
Package: ltcaption 2018/08/26 v1.4a longtable captions (AR)
))
\cslhangindent=\skip57
\csllabelwidth=\skip58
(./manuscript.aux)
\openout1 = `manuscript.aux'.

LaTeX Font Info:    Checking defaults for OML/cmm/m/it on input line 115.
LaTeX Font Info:    ... okay on input line 115.
LaTeX Font Info:    Checking defaults for T1/cmr/m/n on input line 115.
LaTeX Font Info:    ... okay on input line 115.
LaTeX Font Info:    Checking defaults for OT1/cmr/m/n on input line 115.
LaTeX Font Info:    ... okay on input line 115.
LaTeX Font Info:    Checking defaults for OMS/cmsy/m/n on input line 115.
LaTeX Font Info:    ... okay on input line 115.
LaTeX Font Info:    Checking defaults for OMX/cmex/m/n on input line 115.
LaTeX Font Info:    ... okay on input line 115.
LaTeX Font Info:    Checking defaults for U/cmr/m/n on input line 115.
LaTeX Font Info:    ... okay on input line 115.
LaTeX Font Info:    Checking defaults for PD1/pdf/m/n on input line 115.
LaTeX Font Info:    ... okay on input line 115.
LaTeX Font Info:    Checking defaults for PU/pdf/m/n on input line 115.
LaTeX Font Info:    ... okay on input line 115.
LaTeX Font Info:    Trying to load font information for T1+put on input line 11
5.
(c:/texlive/2019/texmf-dist/tex/latex/psnfss/t1put.fd
File: t1put.fd 2001/06/04 font definitions for T1/put.
)
LaTeX Info: Redefining \microtypecontext on input line 115.
Package microtype Info: Generating PDF output.
Package microtype Info: Character protrusion enabled (level 2).
Package microtype Info: Using protrusion set `basicmath'.
Package microtype Info: Automatic font expansion enabled (level 2),
(microtype)             stretch: 20, shrink: 20, step: 1, non-selected.
Package microtype Info: Using default expansion set `basictext'.
LaTeX Info: Redefining \showhyphens on input line 115.
Package microtype Info: No adjustment of tracking.
Package microtype Info: No adjustment of interword spacing.
Package microtype Info: No adjustment of character kerning.
Package microtype Info: Loading generic protrusion settings for font family
(microtype)             `put' (encoding: T1).
(microtype)             For optimal results, create family-specific settings.
(microtype)             See the microtype manual for details.
(c:/texlive/2019/texmf-dist/tex/context/base/mkii/supp-pdf.mkii
[Loading MPS to PDF converter (version 2006.09.02).]
\scratchcounter=\count140
\scratchdimen=\dimen158
\scratchbox=\box39
\nofMPsegments=\count141
\nofMParguments=\count142
\everyMPshowfont=\toks29
\MPscratchCnt=\count143
\MPscratchDim=\dimen159
\MPnumerator=\count144
\makeMPintoPDFobject=\count145
\everyMPtoPDFconversion=\toks30
) (c:/texlive/2019/texmf-dist/tex/latex/epstopdf-pkg/epstopdf-base.sty
Package: epstopdf-base 2020-01-24 v2.11 Base part for package epstopdf
Package epstopdf-base Info: Redefining graphics rule for `.eps' on input line 4
85.
(c:/texlive/2019/texmf-dist/tex/latex/latexconfig/epstopdf-sys.cfg
File: epstopdf-sys.cfg 2010/07/13 v1.3 Configuration of (r)epstopdf for TeX Liv
e
))
\AtBeginShipoutBox=\box40
Package hyperref Info: Link coloring ON on input line 115.
(c:/texlive/2019/texmf-dist/tex/latex/hyperref/nameref.sty
Package: nameref 2019/09/16 v2.46 Cross-referencing by name of section
(c:/texlive/2019/texmf-dist/tex/latex/refcount/refcount.sty
Package: refcount 2019/12/15 v3.6 Data extraction from label references (HO)
) (c:/texlive/2019/texmf-dist/tex/generic/gettitlestring/gettitlestring.sty
Package: gettitlestring 2019/12/15 v1.6 Cleanup title references (HO)
)
\c@section@level=\count146
)
LaTeX Info: Redefining \ref on input line 115.
LaTeX Info: Redefining \pageref on input line 115.
LaTeX Info: Redefining \nameref on input line 115.
*geometry* driver: auto-detecting
*geometry* detected driver: pdftex
*geometry* verbose mode - [ preamble ] result:
* driver: pdftex
* paper: <default>
* layout: <same size as paper>
* layoutoffset:(h,v)=(0.0pt,0.0pt)
* modes: 
* h-part:(L,W,R)=(72.26999pt, 469.75502pt, 72.26999pt)
* v-part:(T,H,B)=(72.26999pt, 650.43001pt, 72.26999pt)
* \paperwidth=614.295pt
* \paperheight=794.96999pt
* \textwidth=469.75502pt
* \textheight=650.43001pt
* \oddsidemargin=0.0pt
* \evensidemargin=0.0pt
* \topmargin=-37.0pt
* \headheight=12.0pt
* \headsep=25.0pt
* \topskip=11.0pt
* \footskip=30.0pt
* \marginparwidth=59.0pt
* \marginparsep=10.0pt
* \columnsep=10.0pt
* \skip\footins=10.0pt plus 4.0pt minus 2.0pt
* \hoffset=0.0pt
* \voffset=0.0pt
* \mag=1000
* \@twocolumnfalse
* \@twosidefalse
* \@mparswitchfalse
* \@reversemarginfalse
* (1in=72.27pt=25.4mm, 1cm=28.453pt)

Package caption Info: Begin \AtBeginDocument code.
Package caption Info: End \AtBeginDocument code.
LaTeX Font Info:    Trying to load font information for T1+lmss on input line 1
17.
(c:/texlive/2019/texmf-dist/tex/latex/lm/t1lmss.fd
File: t1lmss.fd 2009/10/30 v1.6 Font defs for Latin Modern
)
LaTeX Font Info:    Trying to load font information for OT1+lmr on input line 1
17.
(c:/texlive/2019/texmf-dist/tex/latex/lm/ot1lmr.fd
File: ot1lmr.fd 2009/10/30 v1.6 Font defs for Latin Modern
) (c:/texlive/2019/texmf-dist/tex/latex/microtype/mt-cmr.cfg
File: mt-cmr.cfg 2013/05/19 v2.2 microtype config. file: Computer Modern Roman 
(RS)
)
LaTeX Font Info:    Trying to load font information for OML+lmm on input line 1
17.
(c:/texlive/2019/texmf-dist/tex/latex/lm/omllmm.fd
File: omllmm.fd 2009/10/30 v1.6 Font defs for Latin Modern
)
LaTeX Font Info:    Trying to load font information for OMS+lmsy on input line 
117.
(c:/texlive/2019/texmf-dist/tex/latex/lm/omslmsy.fd
File: omslmsy.fd 2009/10/30 v1.6 Font defs for Latin Modern
)
LaTeX Font Info:    Trying to load font information for OMX+lmex on input line 
117.
(c:/texlive/2019/texmf-dist/tex/latex/lm/omxlmex.fd
File: omxlmex.fd 2009/10/30 v1.6 Font defs for Latin Modern
)
LaTeX Font Info:    External font `lmex10' loaded for size
(Font)              <12> on input line 117.
LaTeX Font Info:    External font `lmex10' loaded for size
(Font)              <8> on input line 117.
LaTeX Font Info:    External font `lmex10' loaded for size
(Font)              <6> on input line 117.
LaTeX Font Info:    Trying to load font information for U+msa on input line 117
.
(c:/texlive/2019/texmf-dist/tex/latex/amsfonts/umsa.fd
File: umsa.fd 2013/01/14 v3.01 AMS symbols A
) (c:/texlive/2019/texmf-dist/tex/latex/microtype/mt-msa.cfg
File: mt-msa.cfg 2006/02/04 v1.1 microtype config. file: AMS symbols (a) (RS)
)
LaTeX Font Info:    Trying to load font information for U+msb on input line 117
.
(c:/texlive/2019/texmf-dist/tex/latex/amsfonts/umsb.fd
File: umsb.fd 2013/01/14 v3.01 AMS symbols B
) (c:/texlive/2019/texmf-dist/tex/latex/microtype/mt-msb.cfg
File: mt-msb.cfg 2005/06/01 v1.0 microtype config. file: AMS symbols (b) (RS)
)
LaTeX Font Info:    Trying to load font information for OMS+put on input line 1
17.
(c:/texlive/2019/texmf-dist/tex/latex/psnfss/omsput.fd
File: omsput.fd 
)
LaTeX Font Info:    Font shape `OMS/put/m/n' in size <8> not available
(Font)              Font shape `OMS/cmsy/m/n' tried instead on input line 117.
LaTeX Font Info:    External font `lmex10' loaded for size
(Font)              <9> on input line 117.
LaTeX Font Info:    External font `lmex10' loaded for size
(Font)              <5> on input line 117.
LaTeX Font Info:    Font shape `OMS/put/m/n' in size <6> not available
(Font)              Font shape `OMS/cmsy/m/n' tried instead on input line 117.
(./manuscript.toc
LaTeX Font Info:    External font `lmex10' loaded for size
(Font)              <10.95> on input line 2.
[1

{c:/texlive/2019/texmf-var/fonts/map/pdftex/updmap/pdftex.map}])
\tf@toc=\write3
\openout3 = `manuscript.toc'.

[2] [3] [4] [5] [6] [7] [8] [9] [10] [11] [12]
<C:/FilesVC/PaST-pilot/figure/Figure1.jpg, id=461, 1122.1925pt x 893.3375pt>
File: C:/FilesVC/PaST-pilot/figure/Figure1.jpg Graphic file (type jpg)
<use C:/FilesVC/PaST-pilot/figure/Figure1.jpg>
Package pdftex.def Info: C:/FilesVC/PaST-pilot/figure/Figure1.jpg  used on inpu
t line 222.
(pdftex.def)             Requested size: 469.74231pt x 373.94511pt.
[13] [14 <c:/FilesVC/PaST-pilot/figure/Figure1.jpg>]
<C:/FilesVC/PaST-pilot/figure/Figure2.jpg, id=481, 2400.97pt x 1316.92pt>
File: C:/FilesVC/PaST-pilot/figure/Figure2.jpg Graphic file (type jpg)
<use C:/FilesVC/PaST-pilot/figure/Figure2.jpg>
Package pdftex.def Info: C:/FilesVC/PaST-pilot/figure/Figure2.jpg  used on inpu
t line 236.
(pdftex.def)             Requested size: 469.7443pt x 257.65239pt.
[15 <c:/FilesVC/PaST-pilot/figure/Figure2.jpg>]
<C:/FilesVC/PaST-pilot/figure/Figure3.jpg, id=489, 1448.41125pt x 1641.13126pt>

File: C:/FilesVC/PaST-pilot/figure/Figure3.jpg Graphic file (type jpg)
<use C:/FilesVC/PaST-pilot/figure/Figure3.jpg>
Package pdftex.def Info: C:/FilesVC/PaST-pilot/figure/Figure3.jpg  used on inpu
t line 252.
(pdftex.def)             Requested size: 469.73354pt x 532.23447pt.
[16] [17 <c:/FilesVC/PaST-pilot/figure/Figure3.jpg>]
<C:/FilesVC/PaST-pilot/figure/Figure4.jpg, id=502, 556.9608pt x 323.5287pt>
File: C:/FilesVC/PaST-pilot/figure/Figure4.jpg Graphic file (type jpg)
<use C:/FilesVC/PaST-pilot/figure/Figure4.jpg>
Package pdftex.def Info: C:/FilesVC/PaST-pilot/figure/Figure4.jpg  used on inpu
t line 263.
(pdftex.def)             Requested size: 469.77304pt x 272.88287pt.
[18 <c:/FilesVC/PaST-pilot/figure/Figure4.jpg>] [19] [20] [21] [22]
<C:/FilesVC/PaST-pilot/figure/Figure5.jpg, id=568, 838.332pt x 258.7266pt>
File: C:/FilesVC/PaST-pilot/figure/Figure5.jpg Graphic file (type jpg)
<use C:/FilesVC/PaST-pilot/figure/Figure5.jpg>
Package pdftex.def Info: C:/FilesVC/PaST-pilot/figure/Figure5.jpg  used on inpu
t line 321.
(pdftex.def)             Requested size: 469.75693pt x 144.97668pt.
<C:/FilesVC/PaST-pilot/figure/Figure6.jpg, id=569, 3049.3925pt x 1261.71375pt>
File: C:/FilesVC/PaST-pilot/figure/Figure6.jpg Graphic file (type jpg)
<use C:/FilesVC/PaST-pilot/figure/Figure6.jpg>
Package pdftex.def Info: C:/FilesVC/PaST-pilot/figure/Figure6.jpg  used on inpu
t line 332.
(pdftex.def)             Requested size: 469.71957pt x 194.35072pt.
[23 <c:/FilesVC/PaST-pilot/figure/Figure5.jpg> <c:/FilesVC/PaST-pilot/figure/Fi
gure6.jpg>]
<C:/FilesVC/PaST-pilot/figure/Figure7.png, id=577, 828.2142pt x 366.168pt>
File: C:/FilesVC/PaST-pilot/figure/Figure7.png Graphic file (type png)
<use C:/FilesVC/PaST-pilot/figure/Figure7.png>
Package pdftex.def Info: C:/FilesVC/PaST-pilot/figure/Figure7.png  used on inpu
t line 348.
(pdftex.def)             Requested size: 469.76169pt x 207.68987pt.
<C:/FilesVC/PaST-pilot/figure/Figure8.jpg, id=579, 952.7595pt x 377.0085pt>
File: C:/FilesVC/PaST-pilot/figure/Figure8.jpg Graphic file (type jpg)
<use C:/FilesVC/PaST-pilot/figure/Figure8.jpg>
Package pdftex.def Info: C:/FilesVC/PaST-pilot/figure/Figure8.jpg  used on inpu
t line 357.
(pdftex.def)             Requested size: 469.74928pt x 185.88055pt.
[24 <c:/FilesVC/PaST-pilot/figure/Figure7.png>]
<C:/FilesVC/PaST-pilot/figure/Figure9.jpg, id=590, 3533.2pt x 2488.29625pt>
File: C:/FilesVC/PaST-pilot/figure/Figure9.jpg Graphic file (type jpg)
<use C:/FilesVC/PaST-pilot/figure/Figure9.jpg>
Package pdftex.def Info: C:/FilesVC/PaST-pilot/figure/Figure9.jpg  used on inpu
t line 368.
(pdftex.def)             Requested size: 469.73718pt x 330.81775pt.
[25 <c:/FilesVC/PaST-pilot/figure/Figure8.jpg>] [26 <c:/FilesVC/PaST-pilot/figu
re/Figure9.jpg>]
<C:/FilesVC/PaST-pilot/figure/Figure10.jpg, id=606, 671.50874pt x 606.265pt>
File: C:/FilesVC/PaST-pilot/figure/Figure10.jpg Graphic file (type jpg)
<use C:/FilesVC/PaST-pilot/figure/Figure10.jpg>
Package pdftex.def Info: C:/FilesVC/PaST-pilot/figure/Figure10.jpg  used on inp
ut line 384.
(pdftex.def)             Requested size: 469.75577pt x 424.11433pt.
<C:/FilesVC/PaST-pilot/figure/Figure11.jpg, id=607, 726.7953pt x 290.2845pt>
File: C:/FilesVC/PaST-pilot/figure/Figure11.jpg Graphic file (type jpg)
<use C:/FilesVC/PaST-pilot/figure/Figure11.jpg>
Package pdftex.def Info: C:/FilesVC/PaST-pilot/figure/Figure11.jpg  used on inp
ut line 393.
(pdftex.def)             Requested size: 469.76085pt x 187.62405pt.
[27 <c:/FilesVC/PaST-pilot/figure/Figure10.jpg>] [28 <c:/FilesVC/PaST-pilot/fig
ure/Figure11.jpg>] [29]
<C:/FilesVC/PaST-pilot/figure/Figure12.jpeg, id=624, 642.4pt x 564.1075pt>
File: C:/FilesVC/PaST-pilot/figure/Figure12.jpeg Graphic file (type jpg)
<use C:/FilesVC/PaST-pilot/figure/Figure12.jpeg>
Package pdftex.def Info: C:/FilesVC/PaST-pilot/figure/Figure12.jpeg  used on in
put line 426.
(pdftex.def)             Requested size: 469.7715pt x 412.51808pt.
[30 <c:/FilesVC/PaST-pilot/figure/Figure12.jpeg>]
<C:/FilesVC/PaST-pilot/figure/Figure13.png, id=632, 475.2957pt x 231.0231pt>
File: C:/FilesVC/PaST-pilot/figure/Figure13.png Graphic file (type png)
<use C:/FilesVC/PaST-pilot/figure/Figure13.png>
Package pdftex.def Info: C:/FilesVC/PaST-pilot/figure/Figure13.png  used on inp
ut line 437.
(pdftex.def)             Requested size: 469.76093pt x 228.33284pt.
[31 <c:/FilesVC/PaST-pilot/figure/Figure13.png>]
<C:/FilesVC/PaST-pilot/figure/Figure14.jpg, id=642, 604.1772pt x 288.3573pt>
File: C:/FilesVC/PaST-pilot/figure/Figure14.jpg Graphic file (type jpg)
<use C:/FilesVC/PaST-pilot/figure/Figure14.jpg>
Package pdftex.def Info: C:/FilesVC/PaST-pilot/figure/Figure14.jpg  used on inp
ut line 457.
(pdftex.def)             Requested size: 469.76283pt x 224.20499pt.
<C:/FilesVC/PaST-pilot/figure/Figure15.jpg, id=644, 2948.01375pt x 3517.14pt>
File: C:/FilesVC/PaST-pilot/figure/Figure15.jpg Graphic file (type jpg)
<use C:/FilesVC/PaST-pilot/figure/Figure15.jpg>
Package pdftex.def Info: C:/FilesVC/PaST-pilot/figure/Figure15.jpg  used on inp
ut line 468.
(pdftex.def)             Requested size: 469.71259pt x 560.39255pt.
[32 <c:/FilesVC/PaST-pilot/figure/Figure14.jpg>] [33 <c:/FilesVC/PaST-pilot/fig
ure/Figure15.jpg>]
<C:/FilesVC/PaST-pilot/figure/Figure16.jpg, id=657, 804.1242pt x 325.4559pt>
File: C:/FilesVC/PaST-pilot/figure/Figure16.jpg Graphic file (type jpg)
<use C:/FilesVC/PaST-pilot/figure/Figure16.jpg>
Package pdftex.def Info: C:/FilesVC/PaST-pilot/figure/Figure16.jpg  used on inp
ut line 488.
(pdftex.def)             Requested size: 469.7666pt x 190.13022pt.
[34 <c:/FilesVC/PaST-pilot/figure/Figure16.jpg>]
<C:/FilesVC/PaST-pilot/figure/Figure17.jpg, id=665, 425.4294pt x 297.2706pt>
File: C:/FilesVC/PaST-pilot/figure/Figure17.jpg Graphic file (type jpg)
<use C:/FilesVC/PaST-pilot/figure/Figure17.jpg>
Package pdftex.def Info: C:/FilesVC/PaST-pilot/figure/Figure17.jpg  used on inp
ut line 504.
(pdftex.def)             Requested size: 425.4543pt x 297.28801pt.
[35] [36 <c:/FilesVC/PaST-pilot/figure/Figure17.jpg>] [37] [38] [39] [40] [41] 
[42] [43] [44] [45] [46] [47] [48] [49] [50] [51] [52]
Package atveryend Info: Empty hook `BeforeClearDocument' on input line 900.
[53]
Package atveryend Info: Empty hook `AfterLastShipout' on input line 900.
(./manuscript.aux)
Package atveryend Info: Executing hook `AtVeryEndDocument' on input line 900.
Package atveryend Info: Empty hook `AtEndAfterFileList' on input line 900.
 ) 
Here is how much of TeX's memory you used:
 15490 strings out of 492162
 230031 string characters out of 6129062
 364180 words of memory out of 5000000
 19023 multiletter control sequences out of 15000+600000
 152001 words of font info for 253 fonts, out of 8000000 for 9000
 1141 hyphenation exceptions out of 8191
 41i,11n,42p,2928b,438s stack positions out of 5000i,500n,10000p,200000b,80000s
{c:/texlive/2019/texmf-dist/fonts/enc/dvips/lm/lm-rm.enc}{c:/texlive/2019/tex
mf-dist/fonts/enc/dvips/lm/lm-mathit.enc}{c:/texlive/2019/texmf-dist/fonts/enc/
dvips/lm/lm-mathsy.enc}{c:/texlive/2019/texmf-dist/fonts/enc/dvips/base/8r.enc}
{c:/texlive/2019/texmf-dist/fonts/enc/dvips/lm/lm-ec.enc}<c:/texlive/2019/texmf
-dist/fonts/type1/public/amsfonts/cm/cmsy6.pfb><c:/texlive/2019/texmf-dist/font
s/type1/public/amsfonts/cm/cmsy8.pfb><c:/texlive/2019/texmf-dist/fonts/type1/pu
blic/lm/lmmi10.pfb><c:/texlive/2019/texmf-dist/fonts/type1/public/lm/lmr8.pfb><
c:/texlive/2019/texmf-dist/fonts/type1/public/lm/lmss8.pfb><c:/texlive/2019/tex
mf-dist/fonts/type1/public/lm/lmsy10.pfb><c:/texlive/2019/texmf-dist/fonts/type
1/adobe/utopia/putb8a.pfb><c:/texlive/2019/texmf-dist/fonts/type1/adobe/utopia/
putr8a.pfb><c:/texlive/2019/texmf-dist/fonts/type1/adobe/utopia/putri8a.pfb>
Output written on manuscript.pdf (53 pages, 13641777 bytes).
PDF statistics:
 1179 PDF objects out of 1200 (max. 8388607)
 1085 compressed objects within 11 object streams
 257 named destinations out of 1000 (max. 500000)
 20782 words of extra memory for PDF output out of 24883 (max. 10000000)

